<?xml version="1.0" encoding="UTF-8"?>
<!-- Generated by org.testng.reporters.JUnitReportReporter -->
<testsuite skipped="0" hostname="SMADEM0L" name="PtcHomeTest" tests="1" failures="0" timestamp="13 Aug 2019 19:07:43 GMT" time="20.560" errors="0">
  <testcase name="testHomeNavigation" time="20.560" classname="PtcHomeTest"/>
</testsuite> <!-- PtcHomeTest -->
